<?xml version="1.0" encoding="UTF-8"?>
<!-- Generated by org.testng.reporters.JUnitReportReporter -->
<testsuite hostname="CSCINDAH506651" failures="0" tests="3" name="APITestFramework.FirstTest" time="5.542" errors="0" timestamp="4 May 2018 17:07:38 GMT">
  <testcase classname="APITestFramework.FirstTest" name="postTest" time="0.325"/>
  <testcase classname="APITestFramework.FirstTest" name="deleteTest" time="0.462"/>
  <testcase classname="APITestFramework.FirstTest" name="validateGet" time="4.755"/>
</testsuite> <!-- APITestFramework.FirstTest -->
