<?xml version="1.0" encoding="UTF-8"?>
<!-- Generated by org.testng.reporters.JUnitReportReporter -->
<testsuite hostname="CSCINDAH506651" failures="0" tests="1" name="APITestFramework.TestCase_002" time="6.896" errors="0" timestamp="4 May 2018 19:46:30 GMT">
  <testcase classname="APITestFramework.TestCase_002" name="validateGet" time="6.896"/>
</testsuite> <!-- APITestFramework.TestCase_002 -->
