<?xml version="1.0" encoding="UTF-8"?>
<!-- Generated by org.testng.reporters.JUnitReportReporter -->
<testsuite hostname="CSCINDAH506651" failures="0" tests="3" name="APITestFramework.XmlFirstTest" time="7.344" errors="0" timestamp="4 May 2018 18:23:25 GMT">
  <testcase classname="APITestFramework.XmlFirstTest" name="deleteTest" time="0.454"/>
  <testcase classname="APITestFramework.XmlFirstTest" name="postTest" time="0.532"/>
  <testcase classname="APITestFramework.XmlFirstTest" name="validateGet" time="6.358"/>
</testsuite> <!-- APITestFramework.XmlFirstTest -->
