<?xml version="1.0" encoding="UTF-8"?>
<!-- Generated by org.testng.reporters.JUnitReportReporter -->
<testsuite hostname="CSCINDAH506651" failures="0" tests="3" name="APITestFramework.FirstTest" time="7.191" errors="0" timestamp="4 May 2018 17:21:37 GMT">
  <testcase classname="APITestFramework.FirstTest" name="postTest" time="0.408"/>
  <testcase classname="APITestFramework.FirstTest" name="validateGet" time="6.422"/>
  <testcase classname="APITestFramework.FirstTest" name="deleteTest" time="0.361"/>
</testsuite> <!-- APITestFramework.FirstTest -->
